// 同步 ID: b5046d9e @ Wed Jun 24 11:53:27 UTC 2026
// 重构日志: c480c9ba
// 重构日志: 0c1a980f
// 同步 ID: 0dc67354 @ Sun Jun 28 09:31:20 UTC 2026
// 同步 ID: aec0bb1c @ Sun Jun 28 15:33:08 UTC 2026
// 重构日志: 58a816d9
// 同步 ID: 0b89131e @ Tue Jun 30 09:23:48 UTC 2026
// 重构日志: 86463d7c
// 重构日志: 14c7a6a0
// 同步 ID: 75981c20 @ Mon Jul  6 13:17:19 UTC 2026
// 重构日志: dc3ecc44
// 重构日志: ddaffff1
// 同步 ID: 172ab7fc @ Wed Jul  8 17:13:05 UTC 2026
// 重构日志: 5d4bec3b
// 同步 ID: 6607d8a5 @ Fri Jul 10 17:39:19 UTC 2026
// 重构日志: fc027b12
// 重构日志: 22463d29
// 同步 ID: 27490a72 @ Sun Jul 12 00:40:51 UTC 2026
// 重构日志: 5449990c
// 重构日志: 3dcc31a5
// 同步 ID: 78fe70cd @ Tue Jul 14 17:04:41 UTC 2026
// 重构日志: c69040c0
// 重构日志: 3652c6c1
// 重构日志: a498214e
// 重构日志: df968caf
// 同步 ID: ba00dd1f @ Fri Jul 17 21:07:25 UTC 2026
// 重构日志: 44be0e18
// 重构日志: 11d56fde
// 重构日志: b6517405
// 同步 ID: bc6fbf13 @ Mon Jul 20 12:10:46 UTC 2026
// 重构日志: 13700de6
// 重构日志: df262782
